# JRE version: OpenJDK Runtime Environment (8.0_212-b03) (build 1.8.0_212-8u212-b03-0ubuntu1.16.04.1-b03)
# Java VM: OpenJDK 64-Bit Server VM (25.212-b03 mixed mode linux-amd64 compressed oops)
Heap:
 PSYoungGen      total 1177088K, used 0K [0x0000000773900000, 0x00000007bfc80000, 0x00000007c0000000)
  eden space 1104896K, 0% used [0x0000000773900000,0x0000000773900000,0x00000007b7000000)
  from space 72192K, 0% used [0x00000007bb600000,0x00000007bb600000,0x00000007bfc80000)
  to   space 71680K, 0% used [0x00000007b7000000,0x00000007b7000000,0x00000007bb600000)
 ParOldGen       total 309760K, used 175028K [0x00000006daa00000, 0x00000006ed880000, 0x0000000773900000)
  object space 309760K, 56% used [0x00000006daa00000,0x00000006e54ed1f0,0x00000006ed880000)
 Metaspace       used 162215K, capacity 163716K, committed 163916K, reserved 1193984K
  class space    used 19581K, capacity 19948K, committed 19968K, reserved 1048576K
GC Heap History (10 events):
Event: 94.031 GC heap after
Heap after GC invocations=54 (full 4):
 PSYoungGen      total 1172992K, used 52362K [0x0000000773900000, 0x00000007bfc00000, 0x00000007c0000000)
  eden space 1097728K, 0% used [0x0000000773900000,0x0000000773900000,0x00000007b6900000)
  from space 75264K, 69% used [0x00000007bb280000,0x00000007be5a2808,0x00000007bfc00000)
  to   space 75264K, 0% used [0x00000007b6900000,0x00000007b6900000,0x00000007bb280000)
 ParOldGen       total 309760K, used 121860K [0x00000006daa00000, 0x00000006ed880000, 0x0000000773900000)
  object space 309760K, 39% used [0x00000006daa00000,0x00000006e21011a8,0x00000006ed880000)
 Metaspace       used 160789K, capacity 162340K, committed 162560K, reserved 1191936K
  class space    used 19307K, capacity 19660K, committed 19712K, reserved 1048576K
}
Event: 95.667 GC heap before
{Heap before GC invocations=55 (full 4):
 PSYoungGen      total 1172992K, used 1150090K [0x0000000773900000, 0x00000007bfc00000, 0x00000007c0000000)
  eden space 1097728K, 100% used [0x0000000773900000,0x00000007b6900000,0x00000007b6900000)
  from space 75264K, 69% used [0x00000007bb280000,0x00000007be5a2808,0x00000007bfc00000)
  to   space 75264K, 0% used [0x00000007b6900000,0x00000007b6900000,0x00000007bb280000)
 ParOldGen       total 309760K, used 121860K [0x00000006daa00000, 0x00000006ed880000, 0x0000000773900000)
  object space 309760K, 39% used [0x00000006daa00000,0x00000006e21011a8,0x00000006ed880000)
 Metaspace       used 161090K, capacity 162596K, committed 162944K, reserved 1191936K
  class space    used 19365K, capacity 19724K, committed 19840K, reserved 1048576K
Event: 95.733 GC heap after
Heap after GC invocations=55 (full 4):
 PSYoungGen      total 1172992K, used 51312K [0x0000000773900000, 0x00000007bfe00000, 0x00000007c0000000)
  eden space 1097728K, 0% used [0x0000000773900000,0x0000000773900000,0x00000007b6900000)
  from space 75264K, 68% used [0x00000007b6900000,0x00000007b9b1c178,0x00000007bb280000)
  to   space 74240K, 0% used [0x00000007bb580000,0x00000007bb580000,0x00000007bfe00000)
 ParOldGen       total 309760K, used 127180K [0x00000006daa00000, 0x00000006ed880000, 0x0000000773900000)
  object space 309760K, 41% used [0x00000006daa00000,0x00000006e26333e8,0x00000006ed880000)
 Metaspace       used 161090K, capacity 162596K, committed 162944K, reserved 1191936K
  class space    used 19365K, capacity 19724K, committed 19840K, reserved 1048576K
}
Event: 97.789 GC heap before
{Heap before GC invocations=56 (full 4):
 PSYoungGen      total 1172992K, used 1149040K [0x0000000773900000, 0x00000007bfe00000, 0x00000007c0000000)
  eden space 1097728K, 100% used [0x0000000773900000,0x00000007b6900000,0x00000007b6900000)
  from space 75264K, 68% used [0x00000007b6900000,0x00000007b9b1c178,0x00000007bb280000)
  to   space 74240K, 0% used [0x00000007bb580000,0x00000007bb580000,0x00000007bfe00000)
 ParOldGen       total 309760K, used 127180K [0x00000006daa00000, 0x00000006ed880000, 0x0000000773900000)
  object space 309760K, 41% used [0x00000006daa00000,0x00000006e26333e8,0x00000006ed880000)
 Metaspace       used 161694K, capacity 163204K, committed 163456K, reserved 1193984K
  class space    used 19475K, capacity 19820K, committed 19840K, reserved 1048576K
Event: 97.848 GC heap after
Heap after GC invocations=56 (full 4):
 PSYoungGen      total 1176064K, used 47429K [0x0000000773900000, 0x00000007bff00000, 0x00000007c0000000)
  eden space 1101824K, 0% used [0x0000000773900000,0x0000000773900000,0x00000007b6d00000)
  from space 74240K, 63% used [0x00000007bb580000,0x00000007be3d1620,0x00000007bfe00000)
  to   space 74240K, 0% used [0x00000007b6d00000,0x00000007b6d00000,0x00000007bb580000)
 ParOldGen       total 309760K, used 131031K [0x00000006daa00000, 0x00000006ed880000, 0x0000000773900000)
  object space 309760K, 42% used [0x00000006daa00000,0x00000006e29f5c10,0x00000006ed880000)
 Metaspace       used 161694K, capacity 163204K, committed 163456K, reserved 1193984K
  class space    used 19475K, capacity 19820K, committed 19840K, reserved 1048576K
}
Event: 99.690 GC heap before
{Heap before GC invocations=57 (full 4):
 PSYoungGen      total 1176064K, used 1149253K [0x0000000773900000, 0x00000007bff00000, 0x00000007c0000000)
  eden space 1101824K, 100% used [0x0000000773900000,0x00000007b6d00000,0x00000007b6d00000)
  from space 74240K, 63% used [0x00000007bb580000,0x00000007be3d1620,0x00000007bfe00000)
  to   space 74240K, 0% used [0x00000007b6d00000,0x00000007b6d00000,0x00000007bb580000)
 ParOldGen       total 309760K, used 131031K [0x00000006daa00000, 0x00000006ed880000, 0x0000000773900000)
  object space 309760K, 42% used [0x00000006daa00000,0x00000006e29f5c10,0x00000006ed880000)
 Metaspace       used 162022K, capacity 163556K, committed 163840K, reserved 1193984K
  class space    used 19544K, capacity 19916K, committed 19968K, reserved 1048576K
Event: 99.716 GC heap after
Heap after GC invocations=57 (full 4):
 PSYoungGen      total 1176064K, used 50777K [0x0000000773900000, 0x00000007bfd00000, 0x00000007c0000000)
  eden space 1101824K, 0% used [0x0000000773900000,0x0000000773900000,0x00000007b6d00000)
  from space 74240K, 68% used [0x00000007b6d00000,0x00000007b9e96738,0x00000007bb580000)
  to   space 72704K, 0% used [0x00000007bb600000,0x00000007bb600000,0x00000007bfd00000)
 ParOldGen       total 309760K, used 131311K [0x00000006daa00000, 0x00000006ed880000, 0x0000000773900000)
  object space 309760K, 42% used [0x00000006daa00000,0x00000006e2a3bc10,0x00000006ed880000)
 Metaspace       used 162022K, capacity 163556K, committed 163840K, reserved 1193984K
  class space    used 19544K, capacity 19916K, committed 19968K, reserved 1048576K
}
Event: 100.651 GC heap before
{Heap before GC invocations=58 (full 4):
 PSYoungGen      total 1176064K, used 621355K [0x0000000773900000, 0x00000007bfd00000, 0x00000007c0000000)
  eden space 1101824K, 51% used [0x0000000773900000,0x0000000796634820,0x00000007b6d00000)
  from space 74240K, 68% used [0x00000007b6d00000,0x00000007b9e96738,0x00000007bb580000)
  to   space 72704K, 0% used [0x00000007bb600000,0x00000007bb600000,0x00000007bfd00000)
 ParOldGen       total 309760K, used 131311K [0x00000006daa00000, 0x00000006ed880000, 0x0000000773900000)
  object space 309760K, 42% used [0x00000006daa00000,0x00000006e2a3bc10,0x00000006ed880000)
 Metaspace       used 162215K, capacity 163716K, committed 163916K, reserved 1193984K
  class space    used 19581K, capacity 19948K, committed 19968K, reserved 1048576K
Event: 100.682 GC heap after
Heap after GC invocations=58 (full 4):
 PSYoungGen      total 1177088K, used 52279K [0x0000000773900000, 0x00000007bfc80000, 0x00000007c0000000)
  eden space 1104896K, 0% used [0x0000000773900000,0x0000000773900000,0x00000007b7000000)
  from space 72192K, 72% used [0x00000007bb600000,0x00000007be90de98,0x00000007bfc80000)
  to   space 71680K, 0% used [0x00000007b7000000,0x00000007b7000000,0x00000007bb600000)
 ParOldGen       total 309760K, used 131783K [0x00000006daa00000, 0x00000006ed880000, 0x0000000773900000)
  object space 309760K, 42% used [0x00000006daa00000,0x00000006e2ab1c10,0x00000006ed880000)
 Metaspace       used 162215K, capacity 163716K, committed 163916K, reserved 1193984K
  class space    used 19581K, capacity 19948K, committed 19968K, reserved 1048576K
}
Event: 100.682 GC heap before
{Heap before GC invocations=59 (full 5):
 PSYoungGen      total 1177088K, used 52279K [0x0000000773900000, 0x00000007bfc80000, 0x00000007c0000000)
  eden space 1104896K, 0% used [0x0000000773900000,0x0000000773900000,0x00000007b7000000)
  from space 72192K, 72% used [0x00000007bb600000,0x00000007be90de98,0x00000007bfc80000)
  to   space 71680K, 0% used [0x00000007b7000000,0x00000007b7000000,0x00000007bb600000)
 ParOldGen       total 309760K, used 131783K [0x00000006daa00000, 0x00000006ed880000, 0x0000000773900000)
  object space 309760K, 42% used [0x00000006daa00000,0x00000006e2ab1c10,0x00000006ed880000)
 Metaspace       used 162215K, capacity 163716K, committed 163916K, reserved 1193984K
  class space    used 19581K, capacity 19948K, committed 19968K, reserved 1048576K

